D, [2015-09-22T01:07:10.112623 #35039] DEBUG -- : Player: play 62090287
D, [2015-09-22T01:07:10.114689 #35039] DEBUG -- : DownloadThread start
D, [2015-09-22T01:07:10.218024 #35039] DEBUG -- : DownloadThread response: 400
D, [2015-09-22T01:07:10.218279 #35039] DEBUG -- : DownloadThread <!DOCTYPE HTML PUBLIC "-//W3C//DTD HTML 4.01 Transitional//EN" "http://www.w3.org/TR/html4/loose.dtd">
<HTML><HEAD><META HTTP-EQUIV="Content-Type" CONTENT="text/html; charset=iso-8859-1">
<TITLE>ERROR: The request could not be satisfied</TITLE>
</HEAD><BODY>
<H1>ERROR</H1>
<H2>The request could not be satisfied.</H2>
<HR noshade size="1px">
Bad request.
<BR clear="all">
<HR noshade size="1px">
<PRE>
Generated by cloudfront (CloudFront)
Request ID: YK8CZlrw-7ezEg5VVsXUSi5goy-SXPZV15j0_xIFNxWZSc7ze9sMFg==
</PRE>
<ADDRESS>
</ADDRESS>
</BODY></HTML>
